<?xml version="1.0" encoding="UTF-8"?>
<!-- Generated by org.testng.reporters.JUnitXMLReporter -->
<testsuite ignored="0" hostname="DESKTOP-VVRFCCH" failures="0" tests="5" name="Default test" time="0.705" errors="0" timestamp="2020-06-03T18:24:47 IST">
  <testcase classname="org.test.Mars" name="test1" time="0.19"/>
  <testcase classname="org.test.Mars" name="test2" time="0.009"/>
  <testcase classname="org.test.Mars" name="test3" time="0.061"/>
  <testcase classname="org.test.Mars" name="test4" time="0.055"/>
  <testcase classname="org.test.Mars" name="test6" time="0.021"/>
</testsuite> <!-- Default test -->

